<?xml version="1.0" encoding="UTF-8"?>
<!-- Generated by org.testng.reporters.JUnitReportReporter -->
<testsuite hostname="BRIAPWLpLl4e149" failures="0" tests="3" name="com.cra.qa.testcases.HomePageTest" time="42.328" errors="0" timestamp="2024-04-01T19:55:16 IST" skipped="0">
  <testcase classname="com.cra.qa.testcases.HomePageTest" name="verifyHomePageTitleTest" time="7.667"/>
  <system-out/>
  <testcase classname="com.cra.qa.testcases.HomePageTest" name="verifyContactsTest" time="13.200"/>
  <system-out/>
  <testcase classname="com.cra.qa.testcases.HomePageTest" name="validateCurrentUserTest" time="21.461"/>
  <system-out/>
</testsuite> <!-- com.cra.qa.testcases.HomePageTest -->
