<?xml version="1.0" encoding="UTF-8"?>
<!-- Generated by org.testng.reporters.JUnitReportReporter -->
<testsuite hostname="BRIAPWLpLl4e149" failures="0" tests="4" name="com.cra.qa.testcases.ContactsPageTest" time="68.205" errors="0" timestamp="2024-04-01T19:55:16 IST" skipped="0">
  <testcase classname="com.cra.qa.testcases.ContactsPageTest" name="validateCreateNewContact" time="14.172"/>
  <system-out/>
  <testcase classname="com.cra.qa.testcases.ContactsPageTest" name="validateCreateNewContact" time="17.026"/>
  <system-out/>
  <testcase classname="com.cra.qa.testcases.ContactsPageTest" name="validateCreateNewContact" time="21.638"/>
  <system-out/>
  <testcase classname="com.cra.qa.testcases.ContactsPageTest" name="validateCreateNewContact" time="15.369"/>
  <system-out/>
</testsuite> <!-- com.cra.qa.testcases.ContactsPageTest -->
