<?xml version="1.0" encoding="UTF-8"?>
<!-- Generated by org.testng.reporters.JUnitReportReporter -->
<testsuite hostname="BRIAPWLpLl4e149" failures="0" tests="1" name="com.cra.qa.testcases.LoginPageTest" time="6.764" errors="0" timestamp="2024-04-01T19:55:16 IST" skipped="0">
  <testcase classname="com.cra.qa.testcases.LoginPageTest" name="loginTest" time="6.764"/>
  <system-out/>
</testsuite> <!-- com.cra.qa.testcases.LoginPageTest -->
